Using pre-set license
Built from '2021.3/staging' branch; Version is '2021.3.11f1 (0a5ca18544bf) revision 679073'; Using compiler version '192829333'; Build Type 'Release'
OS: 'Windows 10  (10.0.19045) 64bit Professional' Language: 'pl' Physical Memory: 16330 MB
BatchMode: 1, IsHumanControllingUs: 0, StartBugReporterOnCrash: 0, Is64bit: 1, IsPro: 1

COMMAND LINE ARGUMENTS:
E:\Unity Editor\2021.3.11f1\Editor\Unity.exe
-adb2
-batchMode
-noUpm
-name
AssetImportWorker0
-projectPath
C:/Unity Gry/SztucznaAI/TicTacToe
-logFile
Logs/AssetImportWorker0.log
-srvPort
51278
Successfully changed project path to: C:/Unity Gry/SztucznaAI/TicTacToe
C:/Unity Gry/SztucznaAI/TicTacToe
[UnityMemory] Configuration Parameters - Can be set up in boot.config
    "memorysetup-bucket-allocator-granularity=16"
    "memorysetup-bucket-allocator-bucket-count=8"
    "memorysetup-bucket-allocator-block-size=33554432"
    "memorysetup-bucket-allocator-block-count=8"
    "memorysetup-main-allocator-block-size=16777216"
    "memorysetup-thread-allocator-block-size=16777216"
    "memorysetup-gfx-main-allocator-block-size=16777216"
    "memorysetup-gfx-thread-allocator-block-size=16777216"
    "memorysetup-cache-allocator-block-size=4194304"
    "memorysetup-typetree-allocator-block-size=2097152"
    "memorysetup-profiler-bucket-allocator-granularity=16"
    "memorysetup-profiler-bucket-allocator-bucket-count=8"
    "memorysetup-profiler-bucket-allocator-block-size=33554432"
    "memorysetup-profiler-bucket-allocator-block-count=8"
    "memorysetup-profiler-allocator-block-size=16777216"
    "memorysetup-profiler-editor-allocator-block-size=1048576"
    "memorysetup-temp-allocator-size-main=16777216"
    "memorysetup-job-temp-allocator-block-size=2097152"
    "memorysetup-job-temp-allocator-block-size-background=1048576"
    "memorysetup-job-temp-allocator-reduction-small-platforms=262144"
    "memorysetup-temp-allocator-size-background-worker=32768"
    "memorysetup-temp-allocator-size-job-worker=262144"
    "memorysetup-temp-allocator-size-preload-manager=33554432"
    "memorysetup-temp-allocator-size-nav-mesh-worker=65536"
    "memorysetup-temp-allocator-size-audio-worker=65536"
    "memorysetup-temp-allocator-size-cloud-worker=32768"
    "memorysetup-temp-allocator-size-gi-baking-worker=262144"
    "memorysetup-temp-allocator-size-gfx=262144"
Refreshing native plugins compatible for Editor in 40.74 ms, found 2 plugins.
Preloading 0 native plugins for Editor in 0.00 ms.
Initialize engine version: 2021.3.11f1 (0a5ca18544bf)
[Subsystems] Discovering subsystems at path E:/Unity Editor/2021.3.11f1/Editor/Data/Resources/UnitySubsystems
[Subsystems] Discovering subsystems at path C:/Unity Gry/SztucznaAI/TicTacToe/Assets
GfxDevice: creating device client; threaded=0; jobified=0
Direct3D:
    Version:  Direct3D 11.0 [level 11.1]
    Renderer: Radeon RX 580 Series (ID=0x67df)
    Vendor:   ATI
    VRAM:     4074 MB
    Driver:   31.0.12027.9001
Initialize mono
Mono path[0] = 'E:/Unity Editor/2021.3.11f1/Editor/Data/Managed'
Mono path[1] = 'E:/Unity Editor/2021.3.11f1/Editor/Data/MonoBleedingEdge/lib/mono/unityjit-win32'
Mono config path = 'E:/Unity Editor/2021.3.11f1/Editor/Data/MonoBleedingEdge/etc'
Using monoOptions --debugger-agent=transport=dt_socket,embedding=1,server=y,suspend=n,address=127.0.0.1:56564
Begin MonoManager ReloadAssembly
Registering precompiled unity dll's ...
Register platform support module: E:/Unity Editor/2021.3.11f1/Editor/Data/PlaybackEngines/WebGLSupport/UnityEditor.WebGL.Extensions.dll
Register platform support module: E:/Unity Editor/2021.3.11f1/Editor/Data/PlaybackEngines/WindowsStandaloneSupport/UnityEditor.WindowsStandalone.Extensions.dll
Registered in 0.004997 seconds.
Native extension for WindowsStandalone target not found
Native extension for WebGL target not found
Refreshing native plugins compatible for Editor in 35.50 ms, found 2 plugins.
Preloading 0 native plugins for Editor in 0.00 ms.
Mono: successfully reloaded assembly
- Completed reload, in  0.743 seconds
Domain Reload Profiling:
	ReloadAssembly (744ms)
		BeginReloadAssembly (100ms)
			ExecutionOrderSort (0ms)
			DisableScriptedObjects (0ms)
			BackupInstance (0ms)
			ReleaseScriptingObjects (0ms)
			CreateAndSetChildDomain (1ms)
		EndReloadAssembly (514ms)
			LoadAssemblies (99ms)
			RebuildTransferFunctionScriptingTraits (0ms)
			SetupTypeCache (145ms)
			ReleaseScriptCaches (0ms)
			RebuildScriptCaches (35ms)
			SetupLoadedEditorAssemblies (274ms)
				LogAssemblyErrors (0ms)
				InitializePlatformSupportModulesInManaged (9ms)
				SetLoadedEditorAssemblies (0ms)
				RefreshPlugins (36ms)
				BeforeProcessingInitializeOnLoad (1ms)
				ProcessInitializeOnLoadAttributes (170ms)
				ProcessInitializeOnLoadMethodAttributes (56ms)
				AfterProcessingInitializeOnLoad (0ms)
				EditorAssembliesLoaded (2ms)
			ExecutionOrderSort2 (0ms)
			AwakeInstancesAfterBackupRestoration (0ms)
Platform modules already initialized, skipping
Registering precompiled user dll's ...
Registered in 0.005790 seconds.
Begin MonoManager ReloadAssembly
Native extension for WindowsStandalone target not found
Native extension for WebGL target not found
Refreshing native plugins compatible for Editor in 0.35 ms, found 2 plugins.
Preloading 0 native plugins for Editor in 0.00 ms.
Mono: successfully reloaded assembly
- Completed reload, in  1.097 seconds
Domain Reload Profiling:
	ReloadAssembly (1097ms)
		BeginReloadAssembly (126ms)
			ExecutionOrderSort (0ms)
			DisableScriptedObjects (8ms)
			BackupInstance (0ms)
			ReleaseScriptingObjects (0ms)
			CreateAndSetChildDomain (24ms)
		EndReloadAssembly (845ms)
			LoadAssemblies (80ms)
			RebuildTransferFunctionScriptingTraits (0ms)
			SetupTypeCache (251ms)
			ReleaseScriptCaches (0ms)
			RebuildScriptCaches (60ms)
			SetupLoadedEditorAssemblies (395ms)
				LogAssemblyErrors (0ms)
				InitializePlatformSupportModulesInManaged (7ms)
				SetLoadedEditorAssemblies (1ms)
				RefreshPlugins (0ms)
				BeforeProcessingInitializeOnLoad (65ms)
				ProcessInitializeOnLoadAttributes (278ms)
				ProcessInitializeOnLoadMethodAttributes (37ms)
				AfterProcessingInitializeOnLoad (8ms)
				EditorAssembliesLoaded (0ms)
			ExecutionOrderSort2 (0ms)
			AwakeInstancesAfterBackupRestoration (9ms)
Platform modules already initialized, skipping
========================================================================
Worker process is ready to serve import requests
Launched and connected shader compiler UnityShaderCompiler.exe after 0.06 seconds
Refreshing native plugins compatible for Editor in 0.43 ms, found 2 plugins.
Preloading 0 native plugins for Editor in 0.00 ms.
Unloading 1833 Unused Serialized files (Serialized files now loaded: 0)
Unloading 31 unused Assets / (1.3 MB). Loaded Objects now: 2290.
Memory consumption went from 84.1 MB to 82.8 MB.
Total: 2.883000 ms (FindLiveObjects: 0.154300 ms CreateObjectMapping: 0.127100 ms MarkObjects: 2.352000 ms  DeleteObjects: 0.248700 ms)

AssetImportParameters requested are different than current active one (requested -> active):
  custom:video-decoder-ogg-theora: a1e56fd34408186e4bbccfd4996cb3dc -> 
  custom:container-muxer-webm: aa71ff27fc2769a1b78a27578f13a17b -> 
  custom:container-demuxer-webm: 4f35f7cbe854078d1ac9338744f61a02 -> 
  custom:video-encoder-webm-vp8: eb34c28f22e8b96e1ab97ce403110664 -> 
  custom:audio-encoder-webm-vorbis: bf7c407c2cedff20999df2af8eb42d56 -> 
  custom:framework-win-MediaFoundation: 216162199b28c13a410421893ffa2e32 -> 
  custom:container-demuxer-ogg: 62fdf1f143b41e24485cea50d1cbac27 -> 
  custom:video-decoder-webm-vp8: 9c59270c3fd7afecdb556c50c9e8de78 -> 
  custom:audio-decoder-ogg-vorbis: bf7c407c2cedff20999df2af8eb42d56 -> 
========================================================================
Received Import Request.
  Time since last request: 43811.616499 seconds.
  path: Assets/Animator/changeWall
  artifactKey: Guid(7e04e2824f91b1242a8482ddebe11c9b) Importer(815301076,1909f56bfc062723c751e8b465ee728b)
Start importing Assets/Animator/changeWall using Guid(7e04e2824f91b1242a8482ddebe11c9b) Importer(815301076,1909f56bfc062723c751e8b465ee728b)  -> (artifact id: '02e42ddc2c0a1a46b45a9d3d0b9cbac4') in 0.017421 seconds 
========================================================================
Received Import Request.
  Time since last request: 0.000017 seconds.
  path: Assets/Animator/CircleCross
  artifactKey: Guid(f8129d7a6f01f954194d716ba9775866) Importer(815301076,1909f56bfc062723c751e8b465ee728b)
Start importing Assets/Animator/CircleCross using Guid(f8129d7a6f01f954194d716ba9775866) Importer(815301076,1909f56bfc062723c751e8b465ee728b)  -> (artifact id: 'd9284f5fc7876d1bf7785886af0aeeae') in 0.016545 seconds 
========================================================================
Received Import Request.
  Time since last request: 0.000020 seconds.
  path: Assets/Animator
  artifactKey: Guid(11af143fa0bcf8746911edfdb7280b36) Importer(815301076,1909f56bfc062723c751e8b465ee728b)
Start importing Assets/Animator using Guid(11af143fa0bcf8746911edfdb7280b36) Importer(815301076,1909f56bfc062723c751e8b465ee728b)  -> (artifact id: '47d8348a0f21ba0a309d5636e2db8bb3') in 0.012542 seconds 
========================================================================
Received Import Request.
  Time since last request: 1.641770 seconds.
  path: Assets/Modele
  artifactKey: Guid(0ab9be26332b6e04ba151f3a278b32a2) Importer(815301076,1909f56bfc062723c751e8b465ee728b)
Start importing Assets/Modele using Guid(0ab9be26332b6e04ba151f3a278b32a2) Importer(815301076,1909f56bfc062723c751e8b465ee728b)  -> (artifact id: '473254dd5de3be50bbe281b8b8bed757') in 0.015494 seconds 
========================================================================
Received Import Request.
  Time since last request: 0.021598 seconds.
  path: Assets/Modele/Circle.fbx
  artifactKey: Guid(eeed9444995d53a4889ba1f1a68379a5) Importer(815301076,1909f56bfc062723c751e8b465ee728b)
Start importing Assets/Modele/Circle.fbx using Guid(eeed9444995d53a4889ba1f1a68379a5) Importer(815301076,1909f56bfc062723c751e8b465ee728b)  -> (artifact id: '036fdbee411c2fdb072f24e9ecfc7046') in 0.388916 seconds 
========================================================================
Received Import Request.
  Time since last request: 0.000020 seconds.
  path: Assets/Modele/Numerki.fbx
  artifactKey: Guid(4fe53bf1e3ce8034ebff36bbfdb4c220) Importer(815301076,1909f56bfc062723c751e8b465ee728b)
Start importing Assets/Modele/Numerki.fbx using Guid(4fe53bf1e3ce8034ebff36bbfdb4c220) Importer(815301076,1909f56bfc062723c751e8b465ee728b)  -> (artifact id: 'bf278b2a5dc585434eebc9a1a034f7f0') in 0.129937 seconds 
========================================================================
Received Import Request.
  Time since last request: 0.000023 seconds.
  path: Assets/Modele/Score count_2.fbx
  artifactKey: Guid(83dc3963ee1ab0041a6ddf7ed9435f5b) Importer(815301076,1909f56bfc062723c751e8b465ee728b)
Start importing Assets/Modele/Score count_2.fbx using Guid(83dc3963ee1ab0041a6ddf7ed9435f5b) Importer(815301076,1909f56bfc062723c751e8b465ee728b)  -> (artifact id: 'e2210d69c6653ec4d6be238bfaf9ce5b') in 0.067160 seconds 
========================================================================
Received Import Request.
  Time since last request: 0.000016 seconds.
  path: Assets/Modele/Walls_Inside.fbx
  artifactKey: Guid(880b197bb58909b47965583f28ffb313) Importer(815301076,1909f56bfc062723c751e8b465ee728b)
Start importing Assets/Modele/Walls_Inside.fbx using Guid(880b197bb58909b47965583f28ffb313) Importer(815301076,1909f56bfc062723c751e8b465ee728b)  -> (artifact id: '5f6e56116f0cc4d36d0582d8212ec258') in 0.032331 seconds 
========================================================================
Received Import Request.
  Time since last request: 0.000022 seconds.
  path: Assets/Modele/Cursor.fbx
  artifactKey: Guid(e877e1b28238c1c46a929207a85d5822) Importer(815301076,1909f56bfc062723c751e8b465ee728b)
Start importing Assets/Modele/Cursor.fbx using Guid(e877e1b28238c1c46a929207a85d5822) Importer(815301076,1909f56bfc062723c751e8b465ee728b)  -> (artifact id: 'de4317af1a6b0d55615b2eb6b0211776') in 0.052061 seconds 
========================================================================
Received Import Request.
  Time since last request: 0.000016 seconds.
  path: Assets/Modele/Menu.fbx
  artifactKey: Guid(26937746b4ac07f45959a0a7dae6ac28) Importer(815301076,1909f56bfc062723c751e8b465ee728b)
Start importing Assets/Modele/Menu.fbx using Guid(26937746b4ac07f45959a0a7dae6ac28) Importer(815301076,1909f56bfc062723c751e8b465ee728b)  -> (artifact id: 'e06584dec2e87fdf6890e3c8a9423ca6') in 0.090707 seconds 
========================================================================
Received Import Request.
  Time since last request: 0.000019 seconds.
  path: Assets/Modele/Cross.fbx
  artifactKey: Guid(b20fd1343f7eee848827585d241a9f42) Importer(815301076,1909f56bfc062723c751e8b465ee728b)
Start importing Assets/Modele/Cross.fbx using Guid(b20fd1343f7eee848827585d241a9f42) Importer(815301076,1909f56bfc062723c751e8b465ee728b)  -> (artifact id: '7a4fcd441eb567bdd1c4f84c383d3be6') in 0.039994 seconds 
========================================================================
Received Import Request.
  Time since last request: 0.000027 seconds.
  path: Assets/Modele/Menu_logo.fbx
  artifactKey: Guid(ef755605171831742a9380cdd9651388) Importer(815301076,1909f56bfc062723c751e8b465ee728b)
Start importing Assets/Modele/Menu_logo.fbx using Guid(ef755605171831742a9380cdd9651388) Importer(815301076,1909f56bfc062723c751e8b465ee728b)  -> (artifact id: 'df7b299bbf3a1ca228429ebae643e112') in 0.095570 seconds 
========================================================================
Received Import Request.
  Time since last request: 0.000019 seconds.
  path: Assets/Modele/Klocek_z_Anim.fbx
  artifactKey: Guid(f85167f480afb6749a6a7b3a67184479) Importer(815301076,1909f56bfc062723c751e8b465ee728b)
Start importing Assets/Modele/Klocek_z_Anim.fbx using Guid(f85167f480afb6749a6a7b3a67184479) Importer(815301076,1909f56bfc062723c751e8b465ee728b)  -> (artifact id: '5023576e12210a1816bcc35612ceeebe') in 0.083785 seconds 
========================================================================
Received Import Request.
  Time since last request: 0.000016 seconds.
  path: Assets/Modele/NoPlace.fbx
  artifactKey: Guid(029356c3815337849b501a376a8f55af) Importer(815301076,1909f56bfc062723c751e8b465ee728b)
Start importing Assets/Modele/NoPlace.fbx using Guid(029356c3815337849b501a376a8f55af) Importer(815301076,1909f56bfc062723c751e8b465ee728b)  -> (artifact id: '735539fa7592e0917795621edd3dee4b') in 0.032155 seconds 
========================================================================
Received Import Request.
  Time since last request: 0.000019 seconds.
  path: Assets/Modele/Menu_corr.fbx
  artifactKey: Guid(5a40b6d7a05b50e4d8b4a24acd092c00) Importer(815301076,1909f56bfc062723c751e8b465ee728b)
Start importing Assets/Modele/Menu_corr.fbx using Guid(5a40b6d7a05b50e4d8b4a24acd092c00) Importer(815301076,1909f56bfc062723c751e8b465ee728b)  -> (artifact id: 'e79a199d70739037d3d7ee9f47597327') in 0.091366 seconds 
========================================================================
Received Import Request.
  Time since last request: 0.000044 seconds.
  path: Assets/Modele/YesPlace.fbx
  artifactKey: Guid(5fdd05b7064085e41ab5c782d3d9e915) Importer(815301076,1909f56bfc062723c751e8b465ee728b)
Start importing Assets/Modele/YesPlace.fbx using Guid(5fdd05b7064085e41ab5c782d3d9e915) Importer(815301076,1909f56bfc062723c751e8b465ee728b)  -> (artifact id: '934d3ff89ebd4eeb9e6dd8d545299a9a') in 0.036834 seconds 
========================================================================
Received Import Request.
  Time since last request: 1.582542 seconds.
  path: Assets/Modele/Materials
  artifactKey: Guid(064ca2e15707bc64db8a133171b2fd48) Importer(815301076,1909f56bfc062723c751e8b465ee728b)
Start importing Assets/Modele/Materials using Guid(064ca2e15707bc64db8a133171b2fd48) Importer(815301076,1909f56bfc062723c751e8b465ee728b)  -> (artifact id: '1d7d43f2fdffaf16f1521e2968347017') in 0.016738 seconds 
========================================================================
Received Import Request.
  Time since last request: 0.025180 seconds.
  path: Assets/Modele/Materials/DarkMetal.mat
  artifactKey: Guid(4a36f8fba5358fb4a8848787a2cf47c3) Importer(815301076,1909f56bfc062723c751e8b465ee728b)
Start importing Assets/Modele/Materials/DarkMetal.mat using Guid(4a36f8fba5358fb4a8848787a2cf47c3) Importer(815301076,1909f56bfc062723c751e8b465ee728b)  -> (artifact id: 'ef47ff0cfd6a28d18531b256d906ce11') in 0.022293 seconds 
========================================================================
Received Import Request.
  Time since last request: 0.000015 seconds.
  path: Assets/Modele/Materials/WhiteGlow.mat
  artifactKey: Guid(7c6fd5823c1f5e24fac4a3f50a827ee8) Importer(815301076,1909f56bfc062723c751e8b465ee728b)
Start importing Assets/Modele/Materials/WhiteGlow.mat using Guid(7c6fd5823c1f5e24fac4a3f50a827ee8) Importer(815301076,1909f56bfc062723c751e8b465ee728b)  -> (artifact id: '018699a13e2697166d0f7e5c26347b05') in 0.024610 seconds 
========================================================================
Received Import Request.
  Time since last request: 0.000015 seconds.
  path: Assets/Modele/Materials/GlowBlue.mat
  artifactKey: Guid(8870b67b72bd2234690d6a71ee9c1ced) Importer(815301076,1909f56bfc062723c751e8b465ee728b)
Start importing Assets/Modele/Materials/GlowBlue.mat using Guid(8870b67b72bd2234690d6a71ee9c1ced) Importer(815301076,1909f56bfc062723c751e8b465ee728b)  -> (artifact id: 'ea54286198332a2862b380392aaa4d63') in 0.025895 seconds 
========================================================================
Received Import Request.
  Time since last request: 0.000056 seconds.
  path: Assets/Modele/Materials/Metal2.mat
  artifactKey: Guid(addab165d758c384280c03c8ed611778) Importer(815301076,1909f56bfc062723c751e8b465ee728b)
Start importing Assets/Modele/Materials/Metal2.mat using Guid(addab165d758c384280c03c8ed611778) Importer(815301076,1909f56bfc062723c751e8b465ee728b)  -> (artifact id: '429edca6743fdf52ec7dec8e73b0630d') in 0.019671 seconds 
========================================================================
Received Import Request.
  Time since last request: 0.000020 seconds.
  path: Assets/Modele/Materials/LightMetal.mat
  artifactKey: Guid(8f544c01eb1e9d94892df1cf2050e4ee) Importer(815301076,1909f56bfc062723c751e8b465ee728b)
Start importing Assets/Modele/Materials/LightMetal.mat using Guid(8f544c01eb1e9d94892df1cf2050e4ee) Importer(815301076,1909f56bfc062723c751e8b465ee728b)  -> (artifact id: 'b4adbb9af7a97eabcff1a677ccf7d647') in 0.020564 seconds 
========================================================================
Received Import Request.
  Time since last request: 0.000015 seconds.
  path: Assets/Modele/Materials/RedGlow.mat
  artifactKey: Guid(4d17ef06142cae340bdf9b583be1ff4c) Importer(815301076,1909f56bfc062723c751e8b465ee728b)
Start importing Assets/Modele/Materials/RedGlow.mat using Guid(4d17ef06142cae340bdf9b583be1ff4c) Importer(815301076,1909f56bfc062723c751e8b465ee728b)  -> (artifact id: 'b2e69cfdb9f7fc7a1b1c319caee2ba4e') in 0.021711 seconds 
========================================================================
Received Import Request.
  Time since last request: 0.000016 seconds.
  path: Assets/Modele/Materials/GlowOrange.mat
  artifactKey: Guid(3b6bf2a7841cadb4cae2a427c017e39b) Importer(815301076,1909f56bfc062723c751e8b465ee728b)
Start importing Assets/Modele/Materials/GlowOrange.mat using Guid(3b6bf2a7841cadb4cae2a427c017e39b) Importer(815301076,1909f56bfc062723c751e8b465ee728b)  -> (artifact id: '8ed094ad9db9d52d75f7198a9da3bfe7') in 0.023127 seconds 
========================================================================
Received Import Request.
  Time since last request: 2.198562 seconds.
  path: Assets/SFX
  artifactKey: Guid(301f68e31aef81049b4ebb6cdd4a5d37) Importer(815301076,1909f56bfc062723c751e8b465ee728b)
Start importing Assets/SFX using Guid(301f68e31aef81049b4ebb6cdd4a5d37) Importer(815301076,1909f56bfc062723c751e8b465ee728b)  -> (artifact id: '42c86b8259f789a990a1d5e758f8336a') in 0.015780 seconds 
========================================================================
Received Import Request.
  Time since last request: 0.051603 seconds.
  path: Assets/SFX/Robo1.mp3
  artifactKey: Guid(64edfc08ab665b643b9df6eba92a9ff5) Importer(815301076,1909f56bfc062723c751e8b465ee728b)
Start importing Assets/SFX/Robo1.mp3 using Guid(64edfc08ab665b643b9df6eba92a9ff5) Importer(815301076,1909f56bfc062723c751e8b465ee728b)  -> (artifact id: '93f4b9a70c33c9ffda44da35989151dc') in 0.053490 seconds 
========================================================================
Received Import Request.
  Time since last request: 0.000017 seconds.
  path: Assets/SFX/Robo3.mp3
  artifactKey: Guid(6e3d8612dee077947bda2a41aad3c32b) Importer(815301076,1909f56bfc062723c751e8b465ee728b)
Start importing Assets/SFX/Robo3.mp3 using Guid(6e3d8612dee077947bda2a41aad3c32b) Importer(815301076,1909f56bfc062723c751e8b465ee728b)  -> (artifact id: '5bda531d762e4f4d62c758a0835ac430') in 0.024272 seconds 
========================================================================
Received Import Request.
  Time since last request: 0.000017 seconds.
  path: Assets/SFX/Robo2.mp3
  artifactKey: Guid(bb715b5a4b8834f4c907b43d00e61915) Importer(815301076,1909f56bfc062723c751e8b465ee728b)
Start importing Assets/SFX/Robo2.mp3 using Guid(bb715b5a4b8834f4c907b43d00e61915) Importer(815301076,1909f56bfc062723c751e8b465ee728b)  -> (artifact id: '920a15d2c27d5ce1246bc95a43e22bce') in 0.034281 seconds 
========================================================================
Received Import Request.
  Time since last request: 0.000021 seconds.
  path: Assets/SFX/Robo4.mp3
  artifactKey: Guid(d56cd9e4a6a694043af764b971e18239) Importer(815301076,1909f56bfc062723c751e8b465ee728b)
Start importing Assets/SFX/Robo4.mp3 using Guid(d56cd9e4a6a694043af764b971e18239) Importer(815301076,1909f56bfc062723c751e8b465ee728b)  -> (artifact id: '0043e07b1e0d99748a77f68e74c637bf') in 0.033561 seconds 
========================================================================
Received Import Request.
  Time since last request: 0.000050 seconds.
  path: Assets/SFX/Robo5.mp3
  artifactKey: Guid(aa94a0c2fb4f4e84d934bb3fc4eebc51) Importer(815301076,1909f56bfc062723c751e8b465ee728b)
Start importing Assets/SFX/Robo5.mp3 using Guid(aa94a0c2fb4f4e84d934bb3fc4eebc51) Importer(815301076,1909f56bfc062723c751e8b465ee728b)  -> (artifact id: '2f4c0501c8bfbd5b0d46a196b5580975') in 0.021158 seconds 
========================================================================
Received Import Request.
  Time since last request: 1.575384 seconds.
  path: Assets/Skrypty
  artifactKey: Guid(d12c5d5012c7993489e174868935b399) Importer(815301076,1909f56bfc062723c751e8b465ee728b)
Start importing Assets/Skrypty using Guid(d12c5d5012c7993489e174868935b399) Importer(815301076,1909f56bfc062723c751e8b465ee728b)  -> (artifact id: 'c0f98e7bca6629ef79f0d3885f356f76') in 0.015262 seconds 
========================================================================
Received Import Request.
  Time since last request: 5.745225 seconds.
  path: Assets/Skrypty/MasterScript.cs
  artifactKey: Guid(ec9ad28394a07c349b587577a2dfe2e5) Importer(815301076,1909f56bfc062723c751e8b465ee728b)
Start importing Assets/Skrypty/MasterScript.cs using Guid(ec9ad28394a07c349b587577a2dfe2e5) Importer(815301076,1909f56bfc062723c751e8b465ee728b)  -> (artifact id: 'b72bb9f602b668358af2c1dc8ec82173') in 0.019790 seconds 
========================================================================
Received Prepare
Refreshing native plugins compatible for Editor in 3.25 ms, found 2 plugins.
Preloading 0 native plugins for Editor in 0.00 ms.
Unloading 24 Unused Serialized files (Serialized files now loaded: 0)
Unloading 24 unused Assets / (1.2 MB). Loaded Objects now: 2338.
Memory consumption went from 50.2 MB to 49.0 MB.
Total: 3.957100 ms (FindLiveObjects: 0.188500 ms CreateObjectMapping: 0.091700 ms MarkObjects: 2.568600 ms  DeleteObjects: 1.107400 ms)

AssetImportParameters requested are different than current active one (requested -> active):
  custom:video-decoder-ogg-theora: a1e56fd34408186e4bbccfd4996cb3dc -> 
  custom:container-muxer-webm: aa71ff27fc2769a1b78a27578f13a17b -> 
  custom:container-demuxer-webm: 4f35f7cbe854078d1ac9338744f61a02 -> 
  custom:video-encoder-webm-vp8: eb34c28f22e8b96e1ab97ce403110664 -> 
  custom:audio-encoder-webm-vorbis: bf7c407c2cedff20999df2af8eb42d56 -> 
  custom:framework-win-MediaFoundation: 216162199b28c13a410421893ffa2e32 -> 
  custom:container-demuxer-ogg: 62fdf1f143b41e24485cea50d1cbac27 -> 
  custom:video-decoder-webm-vp8: 9c59270c3fd7afecdb556c50c9e8de78 -> 
  custom:audio-decoder-ogg-vorbis: bf7c407c2cedff20999df2af8eb42d56 -> 
========================================================================
Received Prepare
Refreshing native plugins compatible for Editor in 5.38 ms, found 2 plugins.
Preloading 0 native plugins for Editor in 0.00 ms.
Unloading 24 Unused Serialized files (Serialized files now loaded: 0)
Unloading 24 unused Assets / (1.2 MB). Loaded Objects now: 2338.
Memory consumption went from 50.2 MB to 49.0 MB.
Total: 3.581400 ms (FindLiveObjects: 0.165100 ms CreateObjectMapping: 0.085500 ms MarkObjects: 3.124000 ms  DeleteObjects: 0.205900 ms)

AssetImportParameters requested are different than current active one (requested -> active):
  custom:video-decoder-ogg-theora: a1e56fd34408186e4bbccfd4996cb3dc -> 
  custom:container-muxer-webm: aa71ff27fc2769a1b78a27578f13a17b -> 
  custom:container-demuxer-webm: 4f35f7cbe854078d1ac9338744f61a02 -> 
  custom:video-encoder-webm-vp8: eb34c28f22e8b96e1ab97ce403110664 -> 
  custom:audio-encoder-webm-vorbis: bf7c407c2cedff20999df2af8eb42d56 -> 
  custom:framework-win-MediaFoundation: 216162199b28c13a410421893ffa2e32 -> 
  custom:container-demuxer-ogg: 62fdf1f143b41e24485cea50d1cbac27 -> 
  custom:video-decoder-webm-vp8: 9c59270c3fd7afecdb556c50c9e8de78 -> 
  custom:audio-decoder-ogg-vorbis: bf7c407c2cedff20999df2af8eb42d56 -> 
========================================================================
Received Import Request.
  Time since last request: 561.005860 seconds.
  path: Assets
  artifactKey: Guid(00000000000000001000000000000000) Importer(815301076,1909f56bfc062723c751e8b465ee728b)
Start importing Assets using Guid(00000000000000001000000000000000) Importer(815301076,1909f56bfc062723c751e8b465ee728b)  -> (artifact id: '79842766b460edbeab6a34051e857a80') in 0.015425 seconds 
